* Starting client
* Connecting to master process on port 6411
* Analyzing classpath: 
  - C:\Mutation Testing\cal_project\my-app\target\classes
  - C:\Users\Samia\.m2\repository\junit\junit\4.12\junit-4.12.jar
  - C:\Users\Samia\.m2\repository\org\hamcrest\hamcrest-core\1.3\hamcrest-core-1.3.jar
* Finished analyzing classpath
* Generating tests for class com.mycompany.app.Cal
* Test criteria:
  - Line Coverage
  - Branch Coverage
  - Exception
  - Mutation testing (weak)
  - Method-Output Coverage
  - Top-Level Method Coverage
  - No-Exception Top-Level Method Coverage
  - Context Branch Coverage
* Setting up search algorithm for whole suite generation
[MASTER] 20:46:26.692 [pool-2-thread-1] WARN  TestSuiteSerialization - Cannot load tests because file does not exist: C:\Mutation Testing\cal_project\my-app\.evosuite\evosuite-seeds\com.mycompany.app.Cal.seed
* Loaded 0 tests from C:\Mutation Testing\cal_project\my-app\.evosuite\evosuite-seeds\com.mycompany.app.Cal.seed
* Total number of test goals: 
  - Line 14
  - Branch 11
  - Exception 0
  - MutationFactory 295
  - Output 3
  - Method 2
  - MethodNoException 2
  - CBranchFitnessFactory 11
* Using seed 1638409585065
* Starting evolution
* Search finished after 3s and 19 generations, 5477 statements, best individual has fitness: 0.5
* Writing sequences to pool
* Minimizing test suite
* Going to analyze the coverage criteria
* Coverage analysis for criterion LINE
* Coverage of criterion LINE: 100%
* Total number of goals: 14
* Number of covered goals: 14
* Coverage analysis for criterion BRANCH
* Coverage of criterion BRANCH: 100%
* Total number of goals: 11
* Number of covered goals: 11
* Coverage analysis for criterion EXCEPTION
* Coverage of criterion EXCEPTION: 100%
* Total number of goals: 1
* Number of covered goals: 1
* Coverage analysis for criterion WEAKMUTATION
* Coverage of criterion WEAKMUTATION: 100%
* Total number of goals: 295
* Number of covered goals: 295
* Coverage analysis for criterion OUTPUT
* Coverage of criterion OUTPUT: 100%
* Total number of goals: 3
* Number of covered goals: 3
* Coverage analysis for criterion METHOD
* Coverage of criterion METHOD: 100%
* Total number of goals: 2
* Number of covered goals: 2
* Coverage analysis for criterion METHODNOEXCEPTION
* Coverage of criterion METHODNOEXCEPTION: 100%
* Total number of goals: 2
* Number of covered goals: 2
* Coverage analysis for criterion CBRANCH
* Coverage of criterion CBRANCH: 100%
* Total number of goals: 11
* Number of covered goals: 11
* Generated 10 tests with total length 10
* Resulting test suite's coverage: 100% (average coverage for all fitness functions)
* Generating assertions
* Resulting test suite's mutation score: 27%
* Compiling and checking tests
* Writing JUnit test case 'Cal_ESTest' to C:\Mutation Testing\cal_project\my-app\.evosuite\tmp_2021_12_01_20_46_23\tests
* Done!

